<?xml version="1.0" encoding="UTF-8"?>
<testsuite name="edu.virginia.cs.wordle.WordleTest" tests="11" skipped="0" failures="0" errors="0" timestamp="2023-03-31T19:51:08" hostname="Kates-MacBook-Pro.local" time="0.082">
  <properties/>
  <testcase name="GameState - BOUNDARY - first guess that is the answer" classname="edu.virginia.cs.wordle.WordleTest" time="0.001"/>
  <testcase name="GameState - EXCEPTION - game already over" classname="edu.virginia.cs.wordle.WordleTest" time="0.001"/>
  <testcase name="GameState - EXCEPTION - bad guesses - too short" classname="edu.virginia.cs.wordle.WordleTest" time="0.0"/>
  <testcase name="GameState - BOUNDARY - last guess that is the answer" classname="edu.virginia.cs.wordle.WordleTest" time="0.0"/>
  <testcase name="testConstructorWithIllegalAnswer()" classname="edu.virginia.cs.wordle.WordleTest" time="0.027"/>
  <testcase name="GameState - EXCEPTION - bad guesses - too long" classname="edu.virginia.cs.wordle.WordleTest" time="0.0"/>
  <testcase name="testZeroOneConstructor_ValidAnswer()" classname="edu.virginia.cs.wordle.WordleTest" time="0.021"/>
  <testcase name="GameState - BOUNDARY - last guess that isn't the answer" classname="edu.virginia.cs.wordle.WordleTest" time="0.0"/>
  <testcase name="testZeroArgConstructor()" classname="edu.virginia.cs.wordle.WordleTest" time="0.028"/>
  <testcase name="GameState - EQUIVALENCE - first guess that isn't the answer" classname="edu.virginia.cs.wordle.WordleTest" time="0.0"/>
  <testcase name="GameState - EXCEPTION - bad guesses - not a word" classname="edu.virginia.cs.wordle.WordleTest" time="0.001"/>
  <system-out><![CDATA[]]></system-out>
  <system-err><![CDATA[]]></system-err>
</testsuite>
